Not Found: /favicon.ico
Not Found: /favicon.ico
Not Found: /favicon.ico
Not Found: /static/plugins/datatables-select/css/dataTables.dataTables.css
Not Found: /static/plugins/datatables-select/css/dataTables.dataTables.css
Not Found: /static/plugins/datatables-select/css/dataTables.dataTables.css
Not Found: /static/plugins/datatables-select/css/dataTables.dataTables.css
Not Found: /static/plugins/datatables-select/css/dataTables.dataTables.css
Not Found: /static/plugins/datatables-select/css/dataTables.dataTables.css
Not Found: /favicon.ico
Not Found: /static/plugins/datatables-select/css/dataTables.dataTables.css
Not Found: /static/plugins/datatables-select/css/dataTables.dataTables.css
Not Found: /static/plugins/datatables-select/css/dataTables.dataTables.css
Not Found: /static/plugins/datatables-select/css/dataTables.dataTables.css
Not Found: /favicon.ico
Not Found: /static/plugins/datatables-select/css/dataTables.dataTables.css
Not Found: /static/plugins/datatables-select/css/dataTables.dataTables.css
Not Found: /static/plugins/datatables-select/css/dataTables.dataTables.css
Not Found: /static/plugins/datatables-select/css/dataTables.dataTables.css
Not Found: /static/plugins/datatables-select/css/dataTables.dataTables.css
Not Found: /static/plugins/datatables-select/css/dataTables.dataTables.css
Not Found: /favicon.ico
Not Found: /static/plugins/datatables-select/css/dataTables.dataTables.css
Not Found: /static/plugins/datatables-select/css/dataTables.dataTables.css
Not Found: /static/plugins/datatables-select/css/dataTables.dataTables.css
Not Found: /static/plugins/datatables-select/css/dataTables.dataTables.css
Not Found: /static/plugins/datatables-select/css/dataTables.dataTables.css
Not Found: /favicon.ico
Not Found: /static/plugins/datatables-select/css/dataTables.dataTables.css
Not Found: /static/plugins/datatables-select/css/dataTables.dataTables.css
Not Found: /static/plugins/datatables-select/css/dataTables.dataTables.css
Not Found: /static/plugins/datatables-select/css/dataTables.dataTables.css
Not Found: /static/plugins/datatables-select/css/dataTables.dataTables.css
Not Found: /static/plugins/datatables-select/css/dataTables.dataTables.css
Not Found: /static/plugins/datatables-select/css/dataTables.dataTables.css
Not Found: /static/plugins/datatables-select/css/dataTables.dataTables.css
Not Found: /static/plugins/datatables-select/css/dataTables.dataTables.css
Not Found: /static/plugins/datatables-select/css/dataTables.dataTables.css
Not Found: /favicon.ico
Not Found: /static/plugins/datatables-select/css/dataTables.dataTables.css
Not Found: /static/plugins/datatables-select/css/dataTables.dataTables.css
Not Found: /static/plugins/datatables-select/css/dataTables.dataTables.css
Not Found: /static/plugins/datatables-select/css/dataTables.dataTables.css
Not Found: /static/plugins/datatables-select/css/dataTables.dataTables.css
Not Found: /static/plugins/datatables-select/css/dataTables.dataTables.css
Not Found: /static/plugins/datatables-select/css/dataTables.dataTables.css
Not Found: /static/plugins/datatables-select/css/dataTables.dataTables.css
Not Found: /static/plugins/datatables-select/css/dataTables.dataTables.css
Not Found: /static/plugins/datatables-select/css/dataTables.dataTables.css
Not Found: /static/plugins/datatables-select/css/dataTables.dataTables.css
Not Found: /static/plugins/datatables-select/css/dataTables.dataTables.css
Not Found: /static/plugins/datatables-select/css/dataTables.dataTables.css
Not Found: /static/plugins/datatables-select/css/dataTables.dataTables.css
Not Found: /static/plugins/datatables-select/css/dataTables.dataTables.css
Not Found: /static/plugins/datatables-select/css/dataTables.dataTables.css
Not Found: /static/plugins/datatables-select/css/dataTables.dataTables.css
Not Found: /static/plugins/datatables-select/css/dataTables.dataTables.css
Not Found: /static/plugins/datatables-select/css/dataTables.dataTables.css
Not Found: /static/plugins/datatables-select/css/dataTables.dataTables.css
Not Found: /static/plugins/datatables-select/css/dataTables.dataTables.css
Not Found: /static/plugins/datatables-select/css/dataTables.dataTables.css
Not Found: /static/plugins/datatables-select/css/dataTables.dataTables.css
Not Found: /static/plugins/datatables-select/css/dataTables.dataTables.css
Not Found: /static/plugins/datatables-select/css/dataTables.dataTables.css
Not Found: /favicon.ico
Not Found: /static/plugins/datatables-select/css/dataTables.dataTables.css
Not Found: /static/plugins/datatables-select/css/dataTables.dataTables.css
Not Found: /static/plugins/datatables-select/css/dataTables.dataTables.css
Not Found: /static/plugins/datatables-select/css/dataTables.dataTables.css
Not Found: /static/plugins/datatables-select/css/dataTables.dataTables.css
Not Found: /favicon.ico
Not Found: /static/plugins/datatables-select/css/dataTables.dataTables.css
Not Found: /static/plugins/datatables-select/css/dataTables.dataTables.css
Not Found: /static/plugins/datatables-select/css/dataTables.dataTables.css
Not Found: /static/plugins/datatables-select/css/dataTables.dataTables.css
Not Found: /static/plugins/datatables-select/css/dataTables.dataTables.css
Not Found: /static/plugins/datatables-select/css/dataTables.dataTables.css
Not Found: /favicon.ico
Not Found: /static/plugins/datatables-select/css/dataTables.dataTables.css
Not Found: /static/plugins/datatables-select/css/dataTables.dataTables.css
Not Found: /static/plugins/datatables-select/css/dataTables.dataTables.css
Not Found: /static/plugins/datatables-select/css/dataTables.dataTables.css
Not Found: /static/plugins/datatables-select/css/dataTables.dataTables.css
Not Found: /static/plugins/datatables-select/css/dataTables.dataTables.css
Not Found: /static/plugins/datatables-select/css/dataTables.dataTables.css
Not Found: /favicon.ico
Not Found: /static/plugins/datatables-select/css/dataTables.dataTables.css
/home/sellynep/virtualenv/SystemVidhyasDiet/3.9/lib/python3.9/site-packages/django/db/models/fields/__init__.py:1595: RuntimeWarning: DateTimeField Inquiry.created_date received a naive datetime (2024-10-04 00:00:00) while time zone support is active.
  warnings.warn(
Not Found: /static/plugins/datatables-select/css/dataTables.dataTables.css
anisha gurung
9805831213
None
2024-10-04
[]
/home/sellynep/virtualenv/SystemVidhyasDiet/3.9/lib/python3.9/site-packages/django/db/models/fields/__init__.py:1535: RuntimeWarning: DateTimeField Registration.registration_date received a naive datetime (2024-10-04 00:00:00) while time zone support is active.
  warnings.warn(
Not Found: /static/plugins/datatables-select/css/dataTables.dataTables.css
Not Found: /static/plugins/datatables-select/css/dataTables.dataTables.css
<constance.base.Config object at 0x7fd2d59bbbe0>
Not Found: /static/plugins/datatables-select/css/dataTables.dataTables.css
Not Found: /static/plugins/datatables-select/css/dataTables.dataTables.css
Not Found: /static/plugins/datatables-select/css/dataTables.dataTables.css
Not Found: /static/plugins/datatables-select/css/dataTables.dataTables.css
<QueryDict: {'csrfmiddlewaretoken': ['ODKmic8xPf3Ra0VwmUjXMOCCvmJoXGpJhdufdqnp7C7w1QZT6A96vfeJKZnUl7MJ'], 'customer': ['604'], 'created_by': ['3'], 'day': ['Everyday'], 'cereals_pulses': ['9'], 'vegetables': ['8'], 'fruits': ['2'], 'meat_eggs': ['4'], 'milk_products': ['2'], 'fat_oil_products': ['5'], 'breakfast_time': ['8.00 am'], 'breakfast_chapatti_select': ['Buckwheat'], 'breakfast_chapatti': ['1 pc '], 'breakfast_dry_bread': ['0'], 'breakfast_oats_cereals': ['1/2 cup cooked'], 'breakfast_egg': ['1'], 'breakfast_vegetables': ['1/2 cup vegetable saute'], 'mid_morning_snack_time': ['2.30 pm'], 'mid_morning_fruits': ['1 cup'], 'mid_morning_yogurt_select': ['Yogurt/Curd'], 'mid_morning_yogurt': ['1 cup'], 'lunch_time': ['12.00 pm'], 'lunch_rice_select': ['Rice'], 'lunch_rice': ['1/2 cup cooked'], 'lunch_roti': ['0'], 'lunch_lentils': ['1/2 cup cooked'], 'lunch_vegetable_curry': ['1 cup'], 'lunch_leafy_vegetables': ['1/2 cup'], 'lunch_meat_select': ['Meat'], 'lunch_meat_tofu': ['4-5 pcs'], 'lunch_fish': ['0'], 'afternoon_snack_time': ['0'], 'afternoon_snack_sandwich': ['0'], 'afternoon_snack_bread_roll': ['0'], 'afternoon_snack_beaten_rice': ['0'], 'afternoon_snack_roasted_corn': ['0'], 'afternoon_snack_pulses': ['0'], 'afternoon_snack_raw_vegetables': ['0'], 'dinner_time': ['7.00 pm'], 'dinner_rice_dhindo_select': ['Rice'], 'dinner_rice_dhindo': ['0'], 'dinner_dry_bread': ['2 pcs'], 'dinner_lentils': ['1/2 cup'], 'dinner_vegetables': ['1 CUP + 1 cup milk'], 'carbohydrates_calories': ['770'], 'carbohydrates_grams': ['193'], 'proteins_calories': ['322'], 'proteins_grams': ['81'], 'fat_calories': ['308'], 'fat_grams': ['34'], 'total_calories': ['770'], 'activity_level': ['2'], 'remarks': ['2 glasses luke warm water on empty stomach + 6 pcs soaked almonds + banana- 1/2 ']}>
Not Found: /favicon.ico
Not Found: /static/plugins/datatables-select/css/dataTables.dataTables.css
Not Found: /static/plugins/datatables-select/css/dataTables.dataTables.css
Not Found: /static/plugins/datatables-select/css/dataTables.dataTables.css
Not Found: /static/plugins/datatables-select/css/dataTables.dataTables.css
Not Found: /static/plugins/datatables-select/css/dataTables.dataTables.css
Not Found: /static/plugins/datatables-select/css/dataTables.dataTables.css
Not Found: /login/favicon.ico
Not Found: /login/favicon.ico
Not Found: /favicon.ico
Not Found: /static/plugins/datatables-select/css/dataTables.dataTables.css
Not Found: /static/plugins/datatables-select/css/dataTables.dataTables.css
Not Found: /static/plugins/datatables-select/css/dataTables.dataTables.css
Not Found: /static/plugins/datatables-select/css/dataTables.dataTables.css
Not Found: /static/plugins/datatables-select/css/dataTables.dataTables.css
Not Found: /static/plugins/datatables-select/css/dataTables.dataTables.css
Not Found: /static/plugins/datatables-select/css/dataTables.dataTables.css
Not Found: /static/plugins/datatables-select/css/dataTables.dataTables.css
Not Found: /static/plugins/datatables-select/css/dataTables.dataTables.css
Not Found: /login/favicon.ico
Not Found: /login/favicon.ico
Not Found: /favicon.ico
Not Found: /static/plugins/datatables-select/css/dataTables.dataTables.css
Not Found: /static/plugins/datatables-select/css/dataTables.dataTables.css
Not Found: /static/plugins/datatables-select/css/dataTables.dataTables.css
Not Found: /static/plugins/datatables-select/css/dataTables.dataTables.css
Not Found: /favicon.ico
Not Found: /static/plugins/datatables-select/css/dataTables.dataTables.css
/home/sellynep/virtualenv/SystemVidhyasDiet/3.9/lib/python3.9/site-packages/django/db/models/fields/__init__.py:1595: RuntimeWarning: DateTimeField Inquiry.created_date received a naive datetime (2024-10-06 00:00:00) while time zone support is active.
  warnings.warn(
Not Found: /static/plugins/datatables-select/css/dataTables.dataTables.css
Pramila Tajhya
9856020127
None
2024-10-06
['Thyroid']
<constance.base.Config object at 0x7fb94f5d3be0>
/home/sellynep/virtualenv/SystemVidhyasDiet/3.9/lib/python3.9/site-packages/django/db/models/fields/__init__.py:1535: RuntimeWarning: DateTimeField Registration.registration_date received a naive datetime (2024-10-06 00:00:00) while time zone support is active.
  warnings.warn(
Internal Server Error: /inquiry_to_registration/
Traceback (most recent call last):
  File "/home/sellynep/virtualenv/SystemVidhyasDiet/3.9/lib/python3.9/site-packages/django/db/models/fields/__init__.py", line 1741, in to_python
    decimal_value = decimal.Decimal(value)
decimal.InvalidOperation: [<class 'decimal.ConversionSyntax'>]

During handling of the above exception, another exception occurred:

Traceback (most recent call last):
  File "/home/sellynep/virtualenv/SystemVidhyasDiet/3.9/lib/python3.9/site-packages/django/core/handlers/exception.py", line 55, in inner
    response = get_response(request)
  File "/home/sellynep/virtualenv/SystemVidhyasDiet/3.9/lib/python3.9/site-packages/django/core/handlers/base.py", line 197, in _get_response
    response = wrapped_callback(request, *callback_args, **callback_kwargs)
  File "/home/sellynep/SystemVidhyasDiet/registration/views.py", line 98, in inquiry_to_registration
    account.save()
  File "/home/sellynep/virtualenv/SystemVidhyasDiet/3.9/lib/python3.9/site-packages/django/db/models/base.py", line 814, in save
    self.save_base(
  File "/home/sellynep/virtualenv/SystemVidhyasDiet/3.9/lib/python3.9/site-packages/django/db/models/base.py", line 877, in save_base
    updated = self._save_table(
  File "/home/sellynep/virtualenv/SystemVidhyasDiet/3.9/lib/python3.9/site-packages/django/db/models/base.py", line 1020, in _save_table
    results = self._do_insert(
  File "/home/sellynep/virtualenv/SystemVidhyasDiet/3.9/lib/python3.9/site-packages/django/db/models/base.py", line 1061, in _do_insert
    return manager._insert(
  File "/home/sellynep/virtualenv/SystemVidhyasDiet/3.9/lib/python3.9/site-packages/django/db/models/manager.py", line 87, in manager_method
    return getattr(self.get_queryset(), name)(*args, **kwargs)
  File "/home/sellynep/virtualenv/SystemVidhyasDiet/3.9/lib/python3.9/site-packages/django/db/models/query.py", line 1805, in _insert
    return query.get_compiler(using=using).execute_sql(returning_fields)
  File "/home/sellynep/virtualenv/SystemVidhyasDiet/3.9/lib/python3.9/site-packages/django/db/models/sql/compiler.py", line 1821, in execute_sql
    for sql, params in self.as_sql():
  File "/home/sellynep/virtualenv/SystemVidhyasDiet/3.9/lib/python3.9/site-packages/django/db/models/sql/compiler.py", line 1745, in as_sql
    value_rows = [
  File "/home/sellynep/virtualenv/SystemVidhyasDiet/3.9/lib/python3.9/site-packages/django/db/models/sql/compiler.py", line 1746, in <listcomp>
    [
  File "/home/sellynep/virtualenv/SystemVidhyasDiet/3.9/lib/python3.9/site-packages/django/db/models/sql/compiler.py", line 1747, in <listcomp>
    self.prepare_value(field, self.pre_save_val(field, obj))
  File "/home/sellynep/virtualenv/SystemVidhyasDiet/3.9/lib/python3.9/site-packages/django/db/models/sql/compiler.py", line 1686, in prepare_value
    return field.get_db_prep_save(value, connection=self.connection)
  File "/home/sellynep/virtualenv/SystemVidhyasDiet/3.9/lib/python3.9/site-packages/django/db/models/fields/__init__.py", line 1760, in get_db_prep_save
    self.to_python(value), self.max_digits, self.decimal_places
  File "/home/sellynep/virtualenv/SystemVidhyasDiet/3.9/lib/python3.9/site-packages/django/db/models/fields/__init__.py", line 1743, in to_python
    raise exceptions.ValidationError(
django.core.exceptions.ValidationError: ['\u201c\u201d value must be a decimal number.']
Not Found: /static/plugins/datatables-select/css/dataTables.dataTables.css
Not Found: /static/plugins/datatables-select/css/dataTables.dataTables.css
<QueryDict: {'csrfmiddlewaretoken': ['0YzG20s25SxYU5kYcOzfmpas0wmgiLiNtyjzXeHUnfBDLVolWupo5QMzf90MGcFN'], 'customer': ['605'], 'created_by': ['3'], 'day': ['Everyday'], 'cereals_pulses': ['9'], 'vegetables': ['8'], 'fruits': ['2'], 'meat_eggs': ['4'], 'milk_products': ['2'], 'fat_oil_products': ['5'], 'breakfast_time': ['0'], 'breakfast_chapatti_select': ['Wheat'], 'breakfast_chapatti': ['0'], 'breakfast_dry_bread': ['0'], 'breakfast_oats_cereals': ['0'], 'breakfast_egg': ['0'], 'breakfast_vegetables': ['0'], 'mid_morning_snack_time': ['11.30 am '], 'mid_morning_fruits': ['1 cup'], 'mid_morning_yogurt_select': ['Yogurt/Curd'], 'mid_morning_yogurt': ['1 cup'], 'lunch_time': ['8.30 am'], 'lunch_rice_select': ['Rice'], 'lunch_rice': ['1/2 cup cooked or'], 'lunch_roti': ['2 pcs '], 'lunch_lentils': ['1/2 cup'], 'lunch_vegetable_curry': ['1 cup'], 'lunch_leafy_vegetables': ['1/2 cup'], 'lunch_meat_select': ['Meat'], 'lunch_meat_tofu': ['4-6 pcs or 7-8 pcs paneer or tofu - dice size or'], 'lunch_fish': ['2 pcs palm sized'], 'afternoon_snack_time': ['4.00 pm'], 'afternoon_snack_sandwich': ['0'], 'afternoon_snack_bread_roll': ['0'], 'afternoon_snack_beaten_rice': ['1/2'], 'afternoon_snack_roasted_corn': ['1 cup'], 'afternoon_snack_pulses': ['1/2 CUP'], 'afternoon_snack_raw_vegetables': ['1 cup + 1 egg boiled'], 'dinner_time': ['7.00 pm'], 'dinner_rice_dhindo_select': ['Rice'], 'dinner_rice_dhindo': ['1/2 CUP cooked or'], 'dinner_dry_bread': ['1 ROTI '], 'dinner_lentils': ['1/2'], 'dinner_vegetables': ['1 CUP + 1 cup milk'], 'carbohydrates_calories': ['715'], 'carbohydrates_grams': ['179'], 'proteins_calories': ['299'], 'proteins_grams': ['75'], 'fat_calories': ['286'], 'fat_grams': ['32'], 'total_calories': ['1300'], 'activity_level': ['1'], 'remarks': ['Early Morning empty stomach + thyronorm - 25 mcg + 1 hr  after 1 glass luke warm water']}>
Not Found: /static/plugins/datatables-select/css/dataTables.dataTables.css
Not Found: /favicon.ico
Not Found: /static/plugins/datatables-select/css/dataTables.dataTables.css
Not Found: /static/plugins/datatables-select/css/dataTables.dataTables.css
Not Found: /static/plugins/datatables-select/css/dataTables.dataTables.css
Not Found: /static/plugins/datatables-select/css/dataTables.dataTables.css
Not Found: /static/plugins/datatables-select/css/dataTables.dataTables.css
Not Found: /static/plugins/datatables-select/css/dataTables.dataTables.css
Not Found: /favicon.ico
Not Found: /static/plugins/datatables-select/css/dataTables.dataTables.css
Not Found: /static/plugins/datatables-select/css/dataTables.dataTables.css
Not Found: /static/plugins/datatables-select/css/dataTables.dataTables.css
Not Found: /static/plugins/datatables-select/css/dataTables.dataTables.css
Not Found: /static/plugins/datatables-select/css/dataTables.dataTables.css
Not Found: /static/plugins/datatables-select/css/dataTables.dataTables.css
Not Found: /static/plugins/datatables-select/css/dataTables.dataTables.css
Not Found: /static/plugins/datatables-select/css/dataTables.dataTables.css
Not Found: /static/plugins/datatables-select/css/dataTables.dataTables.css
Not Found: /static/plugins/datatables-select/css/dataTables.dataTables.css
Not Found: /static/plugins/datatables-select/css/dataTables.dataTables.css
Not Found: /static/plugins/datatables-select/css/dataTables.dataTables.css
Not Found: /favicon.ico
Not Found: /static/plugins/datatables-select/css/dataTables.dataTables.css
Not Found: /static/plugins/datatables-select/css/dataTables.dataTables.css
Not Found: /static/plugins/datatables-select/css/dataTables.dataTables.css
Not Found: /static/plugins/datatables-select/css/dataTables.dataTables.css
Not Found: /favicon.ico
Not Found: /static/plugins/datatables-select/css/dataTables.dataTables.css
Not Found: /static/plugins/datatables-select/css/dataTables.dataTables.css
Not Found: /static/plugins/datatables-select/css/dataTables.dataTables.css
Not Found: /static/plugins/datatables-select/css/dataTables.dataTables.css
Not Found: /static/plugins/datatables-select/css/dataTables.dataTables.css
Not Found: /static/plugins/datatables-select/css/dataTables.dataTables.css
Not Found: /static/plugins/datatables-select/css/dataTables.dataTables.css
Not Found: /static/plugins/datatables-select/css/dataTables.dataTables.css
Not Found: /favicon.ico
Not Found: /static/plugins/datatables-select/css/dataTables.dataTables.css
Not Found: /static/plugins/datatables-select/css/dataTables.dataTables.css
Not Found: /static/plugins/datatables-select/css/dataTables.dataTables.css
Not Found: /static/plugins/datatables-select/css/dataTables.dataTables.css
Not Found: /static/plugins/datatables-select/css/dataTables.dataTables.css
Not Found: /static/plugins/datatables-select/css/dataTables.dataTables.css
Not Found: /static/plugins/datatables-select/css/dataTables.dataTables.css
Not Found: /favicon.ico
Not Found: /static/plugins/datatables-select/css/dataTables.dataTables.css
Not Found: /static/plugins/datatables-select/css/dataTables.dataTables.css
Not Found: /static/plugins/datatables-select/css/dataTables.dataTables.css
Not Found: /static/plugins/datatables-select/css/dataTables.dataTables.css
Not Found: /static/plugins/datatables-select/css/dataTables.dataTables.css
Not Found: /static/plugins/datatables-select/css/dataTables.dataTables.css
Not Found: /static/plugins/datatables-select/css/dataTables.dataTables.css
Not Found: /static/plugins/datatables-select/css/dataTables.dataTables.css
Not Found: /static/plugins/datatables-select/css/dataTables.dataTables.css
Not Found: /static/plugins/datatables-select/css/dataTables.dataTables.css
Not Found: /robots.txt
Not Found: /robots.txt
Not Found: /favicon.ico
Not Found: /static/plugins/datatables-select/css/dataTables.dataTables.css
Not Found: /static/plugins/datatables-select/css/dataTables.dataTables.css
Not Found: /static/plugins/datatables-select/css/dataTables.dataTables.css
Not Found: /static/plugins/datatables-select/css/dataTables.dataTables.css
Not Found: /static/plugins/datatables-select/css/dataTables.dataTables.css
Not Found: /static/plugins/datatables-select/css/dataTables.dataTables.css
Not Found: /favicon.ico
Not Found: /app/
Not Found: /app/
Not Found: //favicon.ico
Not Found: /static/plugins/datatables-select/css/dataTables.dataTables.css
Not Found: /favicon.ico
Not Found: /static/plugins/datatables-select/css/dataTables.dataTables.css
Not Found: /static/plugins/datatables-select/css/dataTables.dataTables.css
Not Found: /static/plugins/datatables-select/css/dataTables.dataTables.css
Not Found: /static/plugins/datatables-select/css/dataTables.dataTables.css
roshni 9804185934k
Not Found: /static/plugins/datatables-select/css/dataTables.dataTables.css
/home/sellynep/virtualenv/SystemVidhyasDiet/3.9/lib/python3.9/site-packages/django/db/models/fields/__init__.py:1595: RuntimeWarning: DateTimeField Inquiry.created_date received a naive datetime (2024-10-18 00:00:00) while time zone support is active.
  warnings.warn(
Not Found: /static/plugins/datatables-select/css/dataTables.dataTables.css
Ashok Kumar Gurung
9848257393
None
2024-10-18
[]
<constance.base.Config object at 0x7fdb304d6bb0>
/home/sellynep/virtualenv/SystemVidhyasDiet/3.9/lib/python3.9/site-packages/django/db/models/fields/__init__.py:1535: RuntimeWarning: DateTimeField Registration.registration_date received a naive datetime (2024-10-18 00:00:00) while time zone support is active.
  warnings.warn(
Not Found: /static/plugins/datatables-select/css/dataTables.dataTables.css
Not Found: /static/plugins/datatables-select/css/dataTables.dataTables.css
Not Found: /static/plugins/datatables-select/css/dataTables.dataTables.css
<QueryDict: {'csrfmiddlewaretoken': ['AnDGBTMkq9LRhpH4ujA7Kn523lellxnQZh8pTLRxKHFWqiMfwawY0rRJH1NCYVNg'], 'customer': ['606'], 'created_by': ['3'], 'day': ['Everyday'], 'cereals_pulses': ['09'], 'vegetables': ['08'], 'fruits': ['2'], 'meat_eggs': ['4'], 'milk_products': ['02'], 'fat_oil_products': ['5'], 'breakfast_time': ['7.15 am'], 'breakfast_chapatti_select': ['Buckwheat'], 'breakfast_chapatti': ['2 pcs'], 'breakfast_dry_bread': ['0'], 'breakfast_oats_cereals': ['1/2 cup cooked'], 'breakfast_egg': ['1 + 1 egg white'], 'breakfast_vegetables': ['1/2 cup vegetable saute'], 'mid_morning_snack_time': ['11.00 am'], 'mid_morning_fruits': ['1 cup'], 'mid_morning_yogurt_select': ['Yogurt/Curd'], 'mid_morning_yogurt': ['1 cup'], 'lunch_time': ['1.30 pm'], 'lunch_rice_select': ['Rice'], 'lunch_rice': ['1 cup cooked'], 'lunch_roti': ['0'], 'lunch_lentils': ['1/2 cup'], 'lunch_vegetable_curry': ['1 cup'], 'lunch_leafy_vegetables': ['1/2 cup'], 'lunch_meat_select': ['Meat'], 'lunch_meat_tofu': ['4-6 pcs or 7-8 pcs paneer or tofu - dice size or'], 'lunch_fish': ['2 pcs palm sized'], 'afternoon_snack_time': ['4.00 pm'], 'afternoon_snack_sandwich': ['0'], 'afternoon_snack_bread_roll': ['0'], 'afternoon_snack_beaten_rice': ['1/2 CUP or'], 'afternoon_snack_roasted_corn': ['1 cup'], 'afternoon_snack_pulses': ['1/2 cup chenna/ soyabean'], 'afternoon_snack_raw_vegetables': ['1/2 CUP'], 'dinner_time': ['7.00 pm'], 'dinner_rice_dhindo_select': ['Rice'], 'dinner_rice_dhindo': ['0'], 'dinner_dry_bread': ['2 pcs  ghelo roti'], 'dinner_lentils': ['1/2 cup'], 'dinner_vegetables': ['1 CUP + 1 cup milk'], 'carbohydrates_calories': ['770'], 'carbohydrates_grams': ['193'], 'proteins_calories': ['322'], 'proteins_grams': ['81'], 'fat_calories': ['308'], 'fat_grams': ['34'], 'total_calories': ['1400'], 'activity_level': ['2'], 'remarks': ['6.00 am 1 glass luke warm water  + 6 pcs almonds (or) walnuts -  2 whole or cashew - 5 pcs']}>
Not Found: /login/favicon.ico
Not Found: /login/favicon.ico
Not Found: /login/favicon.ico
Not Found: /login/favicon.ico
Not Found: /favicon.ico
Not Found: /static/plugins/datatables-select/css/dataTables.dataTables.css
Not Found: /static/plugins/datatables-select/css/dataTables.dataTables.css
Not Found: /static/plugins/datatables-select/css/dataTables.dataTables.css
Not Found: /static/plugins/datatables-select/css/dataTables.dataTables.css
Not Found: /static/plugins/datatables-select/css/dataTables.dataTables.css
Not Found: /static/plugins/datatables-select/css/dataTables.dataTables.css
Not Found: /static/plugins/datatables-select/css/dataTables.dataTables.css
Not Found: /static/plugins/datatables-select/css/dataTables.dataTables.css
Not Found: /static/plugins/datatables-select/css/dataTables.dataTables.css
Not Found: /static/plugins/datatables-select/css/dataTables.dataTables.css
Not Found: /static/plugins/datatables-select/css/dataTables.dataTables.css
Not Found: /static/plugins/datatables-select/css/dataTables.dataTables.css
Not Found: /static/plugins/datatables-select/css/dataTables.dataTables.css
Not Found: /static/plugins/datatables-select/css/dataTables.dataTables.css
Not Found: /static/plugins/datatables-select/css/dataTables.dataTables.css
Not Found: /static/plugins/datatables-select/css/dataTables.dataTables.css
Not Found: /static/plugins/datatables-select/css/dataTables.dataTables.css
Not Found: /static/plugins/datatables-select/css/dataTables.dataTables.css
Not Found: /favicon.ico
Not Found: /favicon.ico
Not Found: /favicon.ico
Not Found: /static/plugins/datatables-select/css/dataTables.dataTables.css
Not Found: /static/plugins/datatables-select/css/dataTables.dataTables.css
Not Found: /static/plugins/datatables-select/css/dataTables.dataTables.css
Not Found: /static/plugins/datatables-select/css/dataTables.dataTables.css
Not Found: /static/plugins/datatables-select/css/dataTables.dataTables.css
Not Found: /static/plugins/datatables-select/css/dataTables.dataTables.css
Not Found: /static/plugins/datatables-select/css/dataTables.dataTables.css
Not Found: /static/plugins/datatables-select/css/dataTables.dataTables.css
Not Found: /static/plugins/datatables-select/css/dataTables.dataTables.css
<QueryDict: {'csrfmiddlewaretoken': ['QxfOLtJkWv9FWMDRaZVQIU4rL4bWsPN3frKx3lOxg33K5FI2cQRHYYQ8pKKd5ddt'], 'customer': ['199'], 'created_by': ['3'], 'day': ['Everyday'], 'cereals_pulses': ['8'], 'vegetables': ['7'], 'fruits': ['2'], 'meat_eggs': ['3'], 'milk_products': ['2'], 'fat_oil_products': ['4'], 'breakfast_time': ['8.00 am'], 'breakfast_chapatti_select': ['Buckwheat'], 'breakfast_chapatti': ['2 pcs'], 'breakfast_dry_bread': ['0'], 'breakfast_oats_cereals': ['1/2 cup cooked'], 'breakfast_egg': ['1'], 'breakfast_vegetables': ['1/2 cup vegetable saute'], 'mid_morning_snack_time': ['4.00'], 'mid_morning_fruits': ['1 cup'], 'mid_morning_yogurt_select': ['Yogurt/Curd'], 'mid_morning_yogurt': ['1 cup'], 'lunch_time': ['1.00'], 'lunch_rice_select': ['Rice'], 'lunch_rice': ['meal at vidhyas diet and fitness center'], 'lunch_roti': ['0'], 'lunch_lentils': ['0'], 'lunch_vegetable_curry': ['0'], 'lunch_leafy_vegetables': ['0'], 'lunch_meat_select': ['Meat'], 'lunch_meat_tofu': ['0'], 'lunch_fish': ['0'], 'afternoon_snack_time': ['0'], 'afternoon_snack_sandwich': ['0'], 'afternoon_snack_bread_roll': ['0'], 'afternoon_snack_beaten_rice': ['0'], 'afternoon_snack_roasted_corn': ['0'], 'afternoon_snack_pulses': ['0'], 'afternoon_snack_raw_vegetables': ['0'], 'dinner_time': ['7.30 pm'], 'dinner_rice_dhindo_select': ['Rice'], 'dinner_rice_dhindo': ['0'], 'dinner_dry_bread': ['1 ROTI '], 'dinner_lentils': ['1/2 cup'], 'dinner_vegetables': ['1 CUP + 5-6 pcs tofu / paneer + 1 cup milk'], 'carbohydrates_calories': ['660'], 'carbohydrates_grams': ['165'], 'proteins_calories': ['276'], 'proteins_grams': ['69'], 'fat_calories': ['264'], 'fat_grams': ['29'], 'total_calories': ['1200'], 'activity_level': ['2'], 'remarks': ['6.00 am 2 glasses luke warm water + almonds - 6 pcs + 1/2 apple or banana']}>
Not Found: /static/plugins/datatables-select/css/dataTables.dataTables.css
Not Found: /static/plugins/datatables-select/css/dataTables.dataTables.css
Not Found: /static/plugins/datatables-select/css/dataTables.dataTables.css
Not Found: /static/plugins/datatables-select/css/dataTables.dataTables.css
Not Found: /static/plugins/datatables-select/css/dataTables.dataTables.css
Not Found: /favicon.ico
Not Found: /static/plugins/datatables-select/css/dataTables.dataTables.css
Not Found: /static/plugins/datatables-select/css/dataTables.dataTables.css
Not Found: /static/plugins/datatables-select/css/dataTables.dataTables.css
Not Found: /static/plugins/datatables-select/css/dataTables.dataTables.css
Not Found: /favicon.ico
Not Found: /static/plugins/datatables-select/css/dataTables.dataTables.css
Not Found: /static/plugins/datatables-select/css/dataTables.dataTables.css
Not Found: /static/plugins/datatables-select/css/dataTables.dataTables.css
Not Found: /static/plugins/datatables-select/css/dataTables.dataTables.css
Not Found: /static/plugins/datatables-select/css/dataTables.dataTables.css
Not Found: /favicon.ico
Not Found: /static/plugins/datatables-select/css/dataTables.dataTables.css
Not Found: /static/plugins/datatables-select/css/dataTables.dataTables.css
Not Found: /static/plugins/datatables-select/css/dataTables.dataTables.css
Not Found: /static/plugins/datatables-select/css/dataTables.dataTables.css
Not Found: /static/plugins/datatables-select/css/dataTables.dataTables.css
Not Found: /static/plugins/datatables-select/css/dataTables.dataTables.css
Not Found: /favicon.ico
Not Found: /static/plugins/datatables-select/css/dataTables.dataTables.css
Not Found: /static/plugins/datatables-select/css/dataTables.dataTables.css
/home/sellynep/virtualenv/SystemVidhyasDiet/3.9/lib/python3.9/site-packages/django/db/models/fields/__init__.py:1595: RuntimeWarning: DateTimeField Inquiry.created_date received a naive datetime (2024-10-22 00:00:00) while time zone support is active.
  warnings.warn(
Not Found: /static/plugins/datatables-select/css/dataTables.dataTables.css
Not Found: /favicon.ico
Not Found: /static/plugins/datatables-select/css/dataTables.dataTables.css
Not Found: /static/plugins/datatables-select/css/dataTables.dataTables.css
Not Found: /static/plugins/datatables-select/css/dataTables.dataTables.css
Sudin mohan bhattrai
9827162146
None
2024-10-22
[]
Not Found: /static/plugins/datatables-select/css/dataTables.dataTables.css
Not Found: /static/plugins/datatables-select/css/dataTables.dataTables.css
Not Found: /favicon.ico
Not Found: /static/plugins/datatables-select/css/dataTables.dataTables.css
Not Found: /static/plugins/datatables-select/css/dataTables.dataTables.css
Not Found: /static/plugins/datatables-select/css/dataTables.dataTables.css
Not Found: /static/plugins/datatables-select/css/dataTables.dataTables.css
Not Found: /static/plugins/datatables-select/css/dataTables.dataTables.css
Not Found: /static/plugins/datatables-select/css/dataTables.dataTables.css
Not Found: /static/plugins/datatables-select/css/dataTables.dataTables.css
Not Found: /favicon.ico
Not Found: /static/plugins/datatables-select/css/dataTables.dataTables.css
Not Found: /static/plugins/datatables-select/css/dataTables.dataTables.css
Not Found: /static/plugins/datatables-select/css/dataTables.dataTables.css
<QueryDict: {'csrfmiddlewaretoken': ['5kQD1Ldr4n9mnLXcheO1a0l2cbXxmdr5uelmjDiEoV3rwE2nj5KSq47JQRwOZBRv'], 'customer': ['270'], 'created_by': ['3'], 'day': ['Everyday'], 'cereals_pulses': ['9'], 'vegetables': ['8'], 'fruits': ['2'], 'meat_eggs': ['4'], 'milk_products': ['2'], 'fat_oil_products': ['5'], 'breakfast_time': ['9:00 AM'], 'breakfast_chapatti_select': ['Wheat'], 'breakfast_chapatti': ['as per vidhyas diet meal schedule'], 'breakfast_dry_bread': ['0'], 'breakfast_oats_cereals': ['0'], 'breakfast_egg': ['0'], 'breakfast_vegetables': ['0'], 'mid_morning_snack_time': ['12.00 pm'], 'mid_morning_fruits': ['1 cup'], 'mid_morning_yogurt_select': ['Yogurt/Curd'], 'mid_morning_yogurt': ['1 cup'], 'lunch_time': ['2.00 pm'], 'lunch_rice_select': ['Rice'], 'lunch_rice': ['1/2 cup'], 'lunch_roti': ['0'], 'lunch_lentils': ['1/2 cup'], 'lunch_vegetable_curry': ['1 cup'], 'lunch_leafy_vegetables': ['1/2 cup'], 'lunch_meat_select': ['Meat'], 'lunch_meat_tofu': ['4-6'], 'lunch_fish': ['2 pcs palm sized'], 'afternoon_snack_time': ['0'], 'afternoon_snack_sandwich': ['0'], 'afternoon_snack_bread_roll': ['0'], 'afternoon_snack_beaten_rice': ['0'], 'afternoon_snack_roasted_corn': ['0'], 'afternoon_snack_pulses': ['0'], 'afternoon_snack_raw_vegetables': ['0'], 'dinner_time': ['6.30 pm'], 'dinner_rice_dhindo_select': ['Rice'], 'dinner_rice_dhindo': ['0'], 'dinner_dry_bread': ['2 pcs  ghelo roti'], 'dinner_lentils': ['1/2 cup'], 'dinner_vegetables': ['1'], 'carbohydrates_calories': ['715'], 'carbohydrates_grams': ['179'], 'proteins_calories': ['299'], 'proteins_grams': ['75'], 'fat_calories': ['286'], 'fat_grams': ['32'], 'total_calories': ['1300'], 'activity_level': ['2'], 'remarks': ['5.30 am 1 glass luke warm water + almonds = 6 pcs']}>
Not Found: /favicon.ico
Not Found: /static/plugins/datatables-select/css/dataTables.dataTables.css
Not Found: /static/plugins/datatables-select/css/dataTables.dataTables.css
Not Found: /static/plugins/datatables-select/css/dataTables.dataTables.css
Not Found: /static/plugins/datatables-select/css/dataTables.dataTables.css
Not Found: /static/plugins/datatables-select/css/dataTables.dataTables.css
Not Found: /static/plugins/datatables-select/css/dataTables.dataTables.css
Not Found: /static/plugins/datatables-select/css/dataTables.dataTables.css
Not Found: /static/plugins/datatables-select/css/dataTables.dataTables.css
Not Found: /static/plugins/datatables-select/css/dataTables.dataTables.css
Not Found: /static/plugins/datatables-select/css/dataTables.dataTables.css
Not Found: /static/plugins/datatables-select/css/dataTables.dataTables.css
Not Found: /static/plugins/datatables-select/css/dataTables.dataTables.css
Not Found: /static/plugins/datatables-select/css/dataTables.dataTables.css
Not Found: /static/plugins/datatables-select/css/dataTables.dataTables.css
Not Found: /static/plugins/datatables-select/css/dataTables.dataTables.css
Not Found: /favicon.ico
Not Found: /static/plugins/datatables-select/css/dataTables.dataTables.css
Not Found: /static/plugins/datatables-select/css/dataTables.dataTables.css
Not Found: /static/plugins/datatables-select/css/dataTables.dataTables.css
Not Found: /static/plugins/datatables-select/css/dataTables.dataTables.css
Not Found: /static/plugins/datatables-select/css/dataTables.dataTables.css
Not Found: /static/plugins/datatables-select/css/dataTables.dataTables.css
Not Found: /static/plugins/datatables-select/css/dataTables.dataTables.css
Not Found: /static/plugins/datatables-select/css/dataTables.dataTables.css
Not Found: /static/plugins/datatables-select/css/dataTables.dataTables.css
Not Found: /static/plugins/datatables-select/css/dataTables.dataTables.css
Not Found: /static/plugins/datatables-select/css/dataTables.dataTables.css
Not Found: /static/plugins/datatables-select/css/dataTables.dataTables.css
Not Found: /static/plugins/datatables-select/css/dataTables.dataTables.css
Not Found: /static/plugins/datatables-select/css/dataTables.dataTables.css
Not Found: /static/plugins/datatables-select/css/dataTables.dataTables.css
Not Found: /static/plugins/datatables-select/css/dataTables.dataTables.css
Not Found: /static/plugins/datatables-select/css/dataTables.dataTables.css
Not Found: /static/plugins/datatables-select/css/dataTables.dataTables.css
Not Found: /static/plugins/datatables-select/css/dataTables.dataTables.css
Not Found: /static/plugins/datatables-select/css/dataTables.dataTables.css
Not Found: /static/plugins/datatables-select/css/dataTables.dataTables.css
Not Found: /static/plugins/datatables-select/css/dataTables.dataTables.css
Not Found: /favicon.ico
Not Found: /static/plugins/datatables-select/css/dataTables.dataTables.css
Not Found: /static/plugins/datatables-select/css/dataTables.dataTables.css
Not Found: /static/plugins/datatables-select/css/dataTables.dataTables.css
Not Found: /static/plugins/datatables-select/css/dataTables.dataTables.css
Not Found: /static/plugins/datatables-select/css/dataTables.dataTables.css
Not Found: /static/plugins/datatables-select/css/dataTables.dataTables.css
Not Found: /static/plugins/datatables-select/css/dataTables.dataTables.css
Not Found: /favicon.ico
Not Found: /static/plugins/datatables-select/css/dataTables.dataTables.css
Not Found: /static/plugins/datatables-select/css/dataTables.dataTables.css
Not Found: /static/plugins/datatables-select/css/dataTables.dataTables.css
Not Found: /static/plugins/datatables-select/css/dataTables.dataTables.css
Not Found: /static/plugins/datatables-select/css/dataTables.dataTables.css
Not Found: /static/plugins/datatables-select/css/dataTables.dataTables.css
Not Found: /static/plugins/datatables-select/css/dataTables.dataTables.css
Not Found: /static/plugins/datatables-select/css/dataTables.dataTables.css
Not Found: /static/plugins/datatables-select/css/dataTables.dataTables.css
Not Found: /favicon.ico
Not Found: /static/plugins/datatables-select/css/dataTables.dataTables.css
Not Found: /static/plugins/datatables-select/css/dataTables.dataTables.css
Not Found: /static/plugins/datatables-select/css/dataTables.dataTables.css
Not Found: /static/plugins/datatables-select/css/dataTables.dataTables.css
Not Found: /static/plugins/datatables-select/css/dataTables.dataTables.css
Not Found: /static/plugins/datatables-select/css/dataTables.dataTables.css
Not Found: //favicon.ico
Not Found: /static/plugins/datatables-select/css/dataTables.dataTables.css
Not Found: /static/plugins/datatables-select/css/dataTables.dataTables.css
Not Found: /static/plugins/datatables-select/css/dataTables.dataTables.css
Not Found: /static/plugins/datatables-select/css/dataTables.dataTables.css
Not Found: /static/plugins/datatables-select/css/dataTables.dataTables.css
Not Found: /static/plugins/datatables-select/css/dataTables.dataTables.css
Not Found: /favicon.ico
Not Found: /static/plugins/datatables-select/css/dataTables.dataTables.css
Not Found: /static/plugins/datatables-select/css/dataTables.dataTables.css
Not Found: /static/plugins/datatables-select/css/dataTables.dataTables.css
Not Found: /static/plugins/datatables-select/css/dataTables.dataTables.css
Not Found: /static/plugins/datatables-select/css/dataTables.dataTables.css
Not Found: /static/plugins/datatables-select/css/dataTables.dataTables.css
Not Found: /static/plugins/datatables-select/css/dataTables.dataTables.css
Not Found: /static/plugins/datatables-select/css/dataTables.dataTables.css
Not Found: /favicon.ico
Not Found: /static/plugins/datatables-select/css/dataTables.dataTables.css
Not Found: /static/plugins/datatables-select/css/dataTables.dataTables.css
Not Found: /static/plugins/datatables-select/css/dataTables.dataTables.css
Not Found: /favicon.ico
Not Found: /favicon.ico
Not Found: /favicon.ico
Not Found: /static/plugins/datatables-select/css/dataTables.dataTables.css
Not Found: /static/plugins/datatables-select/css/dataTables.dataTables.css
Not Found: /static/plugins/datatables-select/css/dataTables.dataTables.css
Not Found: /static/plugins/datatables-select/css/dataTables.dataTables.css
Not Found: /static/plugins/datatables-select/css/dataTables.dataTables.css
Not Found: /static/plugins/datatables-select/css/dataTables.dataTables.css
Not Found: /static/plugins/datatables-select/css/dataTables.dataTables.css
Not Found: /favicon.ico
Not Found: /static/plugins/datatables-select/css/dataTables.dataTables.css
Not Found: /static/plugins/datatables-select/css/dataTables.dataTables.css
Not Found: /static/plugins/datatables-select/css/dataTables.dataTables.css
Not Found: /static/plugins/datatables-select/css/dataTables.dataTables.css
Not Found: /favicon.ico
Not Found: /static/plugins/datatables-select/css/dataTables.dataTables.css
Not Found: /static/plugins/datatables-select/css/dataTables.dataTables.css
Not Found: /static/plugins/datatables-select/css/dataTables.dataTables.css
Not Found: /static/plugins/datatables-select/css/dataTables.dataTables.css
Not Found: /login/favicon.ico
Not Found: /login/favicon.ico
Not Found: /login/favicon.ico
Not Found: /login/favicon.ico
Not Found: /favicon.ico
Not Found: /static/plugins/datatables-select/css/dataTables.dataTables.css
Not Found: /static/plugins/datatables-select/css/dataTables.dataTables.css
Not Found: /favicon.ico
Not Found: /static/plugins/datatables-select/css/dataTables.dataTables.css
Not Found: /static/plugins/datatables-select/css/dataTables.dataTables.css
Not Found: /static/plugins/datatables-select/css/dataTables.dataTables.css
Not Found: /static/plugins/datatables-select/css/dataTables.dataTables.css
Not Found: /static/plugins/datatables-select/css/dataTables.dataTables.css
Not Found: /static/plugins/datatables-select/css/dataTables.dataTables.css
Not Found: /static/plugins/datatables-select/css/dataTables.dataTables.css
Not Found: /static/plugins/datatables-select/css/dataTables.dataTables.css
Not Found: /favicon.ico
Not Found: /static/plugins/datatables-select/css/dataTables.dataTables.css
Not Found: /static/plugins/datatables-select/css/dataTables.dataTables.css
Not Found: /favicon.ico
Not Found: /static/plugins/datatables-select/css/dataTables.dataTables.css
Not Found: /static/plugins/datatables-select/css/dataTables.dataTables.css
Not Found: /favicon.ico
Not Found: /static/plugins/datatables-select/css/dataTables.dataTables.css
Not Found: /static/plugins/datatables-select/css/dataTables.dataTables.css
Not Found: /static/plugins/datatables-select/css/dataTables.dataTables.css
/home/sellynep/virtualenv/SystemVidhyasDiet/3.9/lib/python3.9/site-packages/django/db/models/fields/__init__.py:1595: RuntimeWarning: DateTimeField Inquiry.created_date received a naive datetime (2024-10-29 00:00:00) while time zone support is active.
  warnings.warn(
Internal Server Error: /add_inquiry/
Traceback (most recent call last):
  File "/home/sellynep/virtualenv/SystemVidhyasDiet/3.9/lib/python3.9/site-packages/django/db/backends/utils.py", line 89, in _execute
    return self.cursor.execute(sql, params)
  File "/home/sellynep/virtualenv/SystemVidhyasDiet/3.9/lib/python3.9/site-packages/django/db/backends/sqlite3/base.py", line 328, in execute
    return super().execute(query, params)
sqlite3.IntegrityError: NOT NULL constraint failed: inquiry_inquiry.customer_health_state

The above exception was the direct cause of the following exception:

Traceback (most recent call last):
  File "/home/sellynep/virtualenv/SystemVidhyasDiet/3.9/lib/python3.9/site-packages/django/core/handlers/exception.py", line 55, in inner
    response = get_response(request)
  File "/home/sellynep/virtualenv/SystemVidhyasDiet/3.9/lib/python3.9/site-packages/django/core/handlers/base.py", line 197, in _get_response
    response = wrapped_callback(request, *callback_args, **callback_kwargs)
  File "/home/sellynep/SystemVidhyasDiet/inquiry/views.py", line 112, in add_inquiry
    inquiry.save()
  File "/home/sellynep/virtualenv/SystemVidhyasDiet/3.9/lib/python3.9/site-packages/django/db/models/base.py", line 814, in save
    self.save_base(
  File "/home/sellynep/virtualenv/SystemVidhyasDiet/3.9/lib/python3.9/site-packages/django/db/models/base.py", line 877, in save_base
    updated = self._save_table(
  File "/home/sellynep/virtualenv/SystemVidhyasDiet/3.9/lib/python3.9/site-packages/django/db/models/base.py", line 1020, in _save_table
    results = self._do_insert(
  File "/home/sellynep/virtualenv/SystemVidhyasDiet/3.9/lib/python3.9/site-packages/django/db/models/base.py", line 1061, in _do_insert
    return manager._insert(
  File "/home/sellynep/virtualenv/SystemVidhyasDiet/3.9/lib/python3.9/site-packages/django/db/models/manager.py", line 87, in manager_method
    return getattr(self.get_queryset(), name)(*args, **kwargs)
  File "/home/sellynep/virtualenv/SystemVidhyasDiet/3.9/lib/python3.9/site-packages/django/db/models/query.py", line 1805, in _insert
    return query.get_compiler(using=using).execute_sql(returning_fields)
  File "/home/sellynep/virtualenv/SystemVidhyasDiet/3.9/lib/python3.9/site-packages/django/db/models/sql/compiler.py", line 1822, in execute_sql
    cursor.execute(sql, params)
  File "/home/sellynep/virtualenv/SystemVidhyasDiet/3.9/lib/python3.9/site-packages/django/db/backends/utils.py", line 102, in execute
    return super().execute(sql, params)
  File "/home/sellynep/virtualenv/SystemVidhyasDiet/3.9/lib/python3.9/site-packages/django/db/backends/utils.py", line 67, in execute
    return self._execute_with_wrappers(
  File "/home/sellynep/virtualenv/SystemVidhyasDiet/3.9/lib/python3.9/site-packages/django/db/backends/utils.py", line 80, in _execute_with_wrappers
    return executor(sql, params, many, context)
  File "/home/sellynep/virtualenv/SystemVidhyasDiet/3.9/lib/python3.9/site-packages/django/db/backends/utils.py", line 89, in _execute
    return self.cursor.execute(sql, params)
  File "/home/sellynep/virtualenv/SystemVidhyasDiet/3.9/lib/python3.9/site-packages/django/db/utils.py", line 91, in __exit__
    raise dj_exc_value.with_traceback(traceback) from exc_value
  File "/home/sellynep/virtualenv/SystemVidhyasDiet/3.9/lib/python3.9/site-packages/django/db/backends/utils.py", line 89, in _execute
    return self.cursor.execute(sql, params)
  File "/home/sellynep/virtualenv/SystemVidhyasDiet/3.9/lib/python3.9/site-packages/django/db/backends/sqlite3/base.py", line 328, in execute
    return super().execute(query, params)
django.db.utils.IntegrityError: NOT NULL constraint failed: inquiry_inquiry.customer_health_state
Not Found: /static/plugins/datatables-select/css/dataTables.dataTables.css
Not Found: /static/plugins/datatables-select/css/dataTables.dataTables.css
Not Found: /static/plugins/datatables-select/css/dataTables.dataTables.css
Not Found: /static/plugins/datatables-select/css/dataTables.dataTables.css
maya gurung
9818884260
None
2024-10-29
[]
maya gurung
9818884260
maya gurung
2024-10-29
[]
Not Found: /favicon.ico
Not Found: /static/plugins/datatables-select/css/dataTables.dataTables.css
Not Found: /static/plugins/datatables-select/css/dataTables.dataTables.css
Not Found: /static/plugins/datatables-select/css/dataTables.dataTables.css
Not Found: /static/plugins/datatables-select/css/dataTables.dataTables.css
Not Found: /static/plugins/datatables-select/css/dataTables.dataTables.css
Not Found: /static/plugins/datatables-select/css/dataTables.dataTables.css
Not Found: /static/plugins/datatables-select/css/dataTables.dataTables.css
Not Found: /static/plugins/datatables-select/css/dataTables.dataTables.css
Not Found: /favicon.ico
Not Found: /static/plugins/datatables-select/css/dataTables.dataTables.css
Not Found: /static/plugins/datatables-select/css/dataTables.dataTables.css
Not Found: /static/plugins/datatables-select/css/dataTables.dataTables.css
Not Found: /login/favicon.ico
Not Found: /login/favicon.ico
Not Found: /login/favicon.ico
Not Found: /login/favicon.ico
Not Found: /login/favicon.ico
Not Found: /login/favicon.ico
Not Found: /login/favicon.ico
Not Found: /login/favicon.ico
Not Found: //favicon.ico
Not Found: /favicon.ico
Not Found: /static/plugins/datatables-select/css/dataTables.dataTables.css
Not Found: /static/plugins/datatables-select/css/dataTables.dataTables.css
roshni 9804185934k
/home/sellynep/virtualenv/SystemVidhyasDiet/3.9/lib/python3.9/site-packages/django/db/models/fields/__init__.py:1595: RuntimeWarning: DateTimeField Inquiry.created_date received a naive datetime (2024-11-05 00:00:00) while time zone support is active.
  warnings.warn(
Not Found: /static/plugins/datatables-select/css/dataTables.dataTables.css
Not Found: /static/plugins/datatables-select/css/dataTables.dataTables.css
Not Found: /static/plugins/datatables-select/css/dataTables.dataTables.css
Not Found: /static/plugins/datatables-select/css/dataTables.dataTables.css
/home/sellynep/virtualenv/SystemVidhyasDiet/3.9/lib/python3.9/site-packages/django/db/models/fields/__init__.py:1535: RuntimeWarning: DateTimeField Registration.registration_date received a naive datetime (2024-11-05 00:00:00) while time zone support is active.
  warnings.warn(
Not Found: /static/plugins/datatables-select/css/dataTables.dataTables.css
Sita Baidya
9846244780
None
2024-11-05
['Hypertension']
<constance.base.Config object at 0x7f5b9c084af0>
Not Found: /static/plugins/datatables-select/css/dataTables.dataTables.css
Not Found: /static/plugins/datatables-select/css/dataTables.dataTables.css
<QueryDict: {'csrfmiddlewaretoken': ['VO7ccRhG8PifYapHwmxoWkvIl8e2azzocwfFocPMejEatvckdyzD8TXRjvvgmSvE'], 'customer': ['609'], 'created_by': ['3'], 'day': ['Everyday'], 'cereals_pulses': ['1'], 'vegetables': ['1'], 'fruits': ['1'], 'meat_eggs': ['1'], 'milk_products': ['1'], 'fat_oil_products': ['1'], 'breakfast_time': ['6:30 AM'], 'breakfast_chapatti_select': ['Wheat'], 'breakfast_chapatti': ['1'], 'breakfast_dry_bread': ['1'], 'breakfast_oats_cereals': ['1'], 'breakfast_egg': ['1'], 'breakfast_vegetables': ['1'], 'mid_morning_snack_time': ['9:30 AM'], 'mid_morning_fruits': ['1'], 'mid_morning_yogurt_select': ['Yogurt/Curd'], 'mid_morning_yogurt': ['1'], 'lunch_time': ['12:30 PM'], 'lunch_rice_select': ['Rice'], 'lunch_rice': ['1'], 'lunch_roti': ['1'], 'lunch_lentils': ['1'], 'lunch_vegetable_curry': ['1'], 'lunch_leafy_vegetables': ['1'], 'lunch_meat_select': ['Meat'], 'lunch_meat_tofu': ['1'], 'lunch_fish': ['1'], 'afternoon_snack_time': ['4:30 PM'], 'afternoon_snack_sandwich': ['1'], 'afternoon_snack_bread_roll': ['1'], 'afternoon_snack_beaten_rice': ['1'], 'afternoon_snack_roasted_corn': ['1'], 'afternoon_snack_pulses': ['1'], 'afternoon_snack_raw_vegetables': ['1'], 'dinner_time': ['8:30 AM'], 'dinner_rice_dhindo_select': ['Rice'], 'dinner_rice_dhindo': ['1'], 'dinner_dry_bread': ['1'], 'dinner_lentils': ['1'], 'dinner_vegetables': ['1'], 'carbohydrates_calories': ['1'], 'carbohydrates_grams': ['1'], 'proteins_calories': ['1'], 'proteins_grams': ['1'], 'fat_calories': ['1'], 'fat_grams': ['1'], 'total_calories': ['1200'], 'activity_level': ['1'], 'remarks': ['2 glasses luke warm water + almond - 6 pcs + 1/2 banana + 3 ltrs water/ day']}>
Not Found: /static/plugins/datatables-select/css/dataTables.dataTables.css
Not Found: /static/plugins/datatables-select/css/dataTables.dataTables.css
Not Found: /static/plugins/datatables-select/css/dataTables.dataTables.css
Not Found: /static/plugins/datatables-select/css/dataTables.dataTables.css
<QueryDict: {'csrfmiddlewaretoken': ['HR0L8T4NZ0cPZbTepHuwsVHolW33YzbiYz8ekeCT5uyKuwGR6TwLEu9xjjkhaS7y'], 'customer': ['121'], 'created_by': ['3'], 'day': ['Everyday'], 'cereals_pulses': ['7'], 'vegetables': ['9'], 'fruits': ['2'], 'meat_eggs': ['3'], 'milk_products': ['2'], 'fat_oil_products': ['5'], 'breakfast_time': ['0'], 'breakfast_chapatti_select': ['Wheat'], 'breakfast_chapatti': ['0'], 'breakfast_dry_bread': ['0'], 'breakfast_oats_cereals': ['0'], 'breakfast_egg': ['0'], 'breakfast_vegetables': ['0'], 'mid_morning_snack_time': ['8.30 am'], 'mid_morning_fruits': ['1 cup'], 'mid_morning_yogurt_select': ['Yogurt/Curd'], 'mid_morning_yogurt': ['1 cup'], 'lunch_time': ['10.30 am'], 'lunch_rice_select': ['Rice'], 'lunch_rice': ['1/2 cup cooked'], 'lunch_roti': ['0'], 'lunch_lentils': ['1/2 cup cooked'], 'lunch_vegetable_curry': ['1 cup'], 'lunch_leafy_vegetables': ['1/2 cup'], 'lunch_meat_select': ['Meat'], 'lunch_meat_tofu': ['3-4 PCS.'], 'lunch_fish': ['0'], 'afternoon_snack_time': ['4:30 PM'], 'afternoon_snack_sandwich': ['snacks '], 'afternoon_snack_bread_roll': ['0'], 'afternoon_snack_beaten_rice': ['0'], 'afternoon_snack_roasted_corn': ['0'], 'afternoon_snack_pulses': ['0'], 'afternoon_snack_raw_vegetables': ['0'], 'dinner_time': ['7.00 pm'], 'dinner_rice_dhindo_select': ['Rice'], 'dinner_rice_dhindo': ['0'], 'dinner_dry_bread': ['1 ROTI '], 'dinner_lentils': ['1/2 cup'], 'dinner_vegetables': ['1 cup + 1 cup milk + 1 egg boiled'], 'carbohydrates_calories': ['715'], 'carbohydrates_grams': ['179'], 'proteins_calories': ['299'], 'proteins_grams': ['75'], 'fat_calories': ['286'], 'fat_grams': ['32'], 'total_calories': ['1300'], 'activity_level': ['2'], 'remarks': ['2 glasses luke warm water + almond - 6 pcs + 1/2 banana + 3 ltrs water/ day']}>
Not Found: /login/favicon.ico
Not Found: /login/favicon.ico
Not Found: /login/favicon.ico
Not Found: /login/favicon.ico
Not Found: /favicon.ico
Not Found: /static/plugins/datatables-select/css/dataTables.dataTables.css
Not Found: /static/plugins/datatables-select/css/dataTables.dataTables.css
Not Found: /static/plugins/datatables-select/css/dataTables.dataTables.css
Not Found: /static/plugins/datatables-select/css/dataTables.dataTables.css
Not Found: /static/plugins/datatables-select/css/dataTables.dataTables.css
Not Found: /static/plugins/datatables-select/css/dataTables.dataTables.css
Not Found: /favicon.ico
Not Found: /static/plugins/datatables-select/css/dataTables.dataTables.css
Not Found: /static/plugins/datatables-select/css/dataTables.dataTables.css
Not Found: /favicon.ico
Not Found: /static/plugins/datatables-select/css/dataTables.dataTables.css
Not Found: /static/plugins/datatables-select/css/dataTables.dataTables.css
Not Found: /static/plugins/datatables-select/css/dataTables.dataTables.css
Not Found: /static/plugins/datatables-select/css/dataTables.dataTables.css
Not Found: /static/plugins/datatables-select/css/dataTables.dataTables.css
Not Found: /favicon.ico
Not Found: /static/plugins/datatables-select/css/dataTables.dataTables.css
Not Found: /static/plugins/datatables-select/css/dataTables.dataTables.css
/home/sellynep/virtualenv/SystemVidhyasDiet/3.9/lib/python3.9/site-packages/django/db/models/fields/__init__.py:1595: RuntimeWarning: DateTimeField Inquiry.created_date received a naive datetime (2024-11-07 00:00:00) while time zone support is active.
  warnings.warn(
Not Found: /static/plugins/datatables-select/css/dataTables.dataTables.css
/home/sellynep/virtualenv/SystemVidhyasDiet/3.9/lib/python3.9/site-packages/django/db/models/fields/__init__.py:1535: RuntimeWarning: DateTimeField Registration.registration_date received a naive datetime (2024-11-07 00:00:00) while time zone support is active.
  warnings.warn(
Not Found: /static/plugins/datatables-select/css/dataTables.dataTables.css
sabita Rana

None
2024-11-07
['Kidney Problem']
<constance.base.Config object at 0x7fa91d839f70>
/home/sellynep/virtualenv/SystemVidhyasDiet/3.9/lib/python3.9/site-packages/django/db/models/fields/__init__.py:1595: RuntimeWarning: DateTimeField Inquiry.created_date received a naive datetime (2024-11-07 00:00:00) while time zone support is active.
  warnings.warn(
Not Found: /static/plugins/datatables-select/css/dataTables.dataTables.css
/home/sellynep/virtualenv/SystemVidhyasDiet/3.9/lib/python3.9/site-packages/django/db/models/fields/__init__.py:1535: RuntimeWarning: DateTimeField Registration.registration_date received a naive datetime (2024-11-07 00:00:00) while time zone support is active.
  warnings.warn(
Not Found: /static/plugins/datatables-select/css/dataTables.dataTables.css
Ambika Rana
9814131553
None
2024-11-07
[]
<constance.base.Config object at 0x7f47f23dad30>
Not Found: /static/plugins/datatables-select/css/dataTables.dataTables.css
Not Found: /static/plugins/datatables-select/css/dataTables.dataTables.css
<QueryDict: {'csrfmiddlewaretoken': ['nyEdCQM8rwfLdhIv8hWTM6wo2TAwo8b8EgMGObkex0BGICv8PtY8YFYx0gRKAr7o'], 'customer': ['610'], 'created_by': ['3'], 'day': ['Everyday'], 'cereals_pulses': ['7'], 'vegetables': ['6'], 'fruits': ['2'], 'meat_eggs': ['3'], 'milk_products': ['2'], 'fat_oil_products': ['5'], 'breakfast_time': ['8.30 am'], 'breakfast_chapatti_select': ['Buckwheat'], 'breakfast_chapatti': ['1 pc pan cake (or)'], 'breakfast_dry_bread': ['0'], 'breakfast_oats_cereals': ['1/2 cup cooked'], 'breakfast_egg': ['1'], 'breakfast_vegetables': ['1/2 cup vegetable saute'], 'mid_morning_snack_time': ['11.00'], 'mid_morning_fruits': ['1/2 cup'], 'mid_morning_yogurt_select': ['Yogurt/Curd'], 'mid_morning_yogurt': ['1 cup'], 'lunch_time': ['1.30 pm'], 'lunch_rice_select': ['Rice'], 'lunch_rice': ['1/2 cup'], 'lunch_roti': ['0'], 'lunch_lentils': ['1/2 cup'], 'lunch_vegetable_curry': ['1 cup'], 'lunch_leafy_vegetables': ['1/2 cup'], 'lunch_meat_select': ['Meat'], 'lunch_meat_tofu': ['3-4 pcs or tofu or paneer'], 'lunch_fish': ['0'], 'afternoon_snack_time': ['5.00 pm'], 'afternoon_snack_sandwich': ['0'], 'afternoon_snack_bread_roll': ['1 pc or'], 'afternoon_snack_beaten_rice': ['1/2 cup or'], 'afternoon_snack_roasted_corn': ['1 cup rice puffs or popcorn'], 'afternoon_snack_pulses': ['10 pcs'], 'afternoon_snack_raw_vegetables': ['1 cup boiled'], 'dinner_time': ['7.00 pm'], 'dinner_rice_dhindo_select': ['Rice'], 'dinner_rice_dhindo': ['0'], 'dinner_dry_bread': ['1 ROTI '], 'dinner_lentils': ['1/4 cup'], 'dinner_vegetables': ['1/2 cup + 1 cup milk'], 'carbohydrates_calories': ['715'], 'carbohydrates_grams': ['179'], 'proteins_calories': ['299'], 'proteins_grams': ['75'], 'fat_calories': ['286'], 'fat_grams': ['32'], 'total_calories': ['1300'], 'activity_level': ['2'], 'remarks': ['1 glass luke warm water + almonds - 6 pcs (soaked overnight) + 2.5 ltrs/day']}>
Not Found: /static/plugins/datatables-select/css/dataTables.dataTables.css
<QueryDict: {'csrfmiddlewaretoken': ['9WKhFbi9Q266wZPBeFruBatK8W25RicWqESKRwQfWws11kCeVRtJNJVT6jjj3B8c'], 'customer': ['611'], 'created_by': ['3'], 'day': ['Everyday'], 'cereals_pulses': ['1'], 'vegetables': ['1'], 'fruits': ['1'], 'meat_eggs': ['1'], 'milk_products': ['1'], 'fat_oil_products': ['1'], 'breakfast_time': ['7.00 am'], 'breakfast_chapatti_select': ['Wheat'], 'breakfast_chapatti': ['1 pc pan cake (or)'], 'breakfast_dry_bread': ['0'], 'breakfast_oats_cereals': ['1/2 cup cooked'], 'breakfast_egg': ['1'], 'breakfast_vegetables': ['1/2 cup vegetable saute'], 'mid_morning_snack_time': ['11.00 am'], 'mid_morning_fruits': ['1/2 cup'], 'mid_morning_yogurt_select': ['Yogurt/Curd'], 'mid_morning_yogurt': ['1/2 CUP'], 'lunch_time': ['1.00 pm'], 'lunch_rice_select': ['Rice'], 'lunch_rice': ['0'], 'lunch_roti': ['2 pcs'], 'lunch_lentils': ['1/2 cup'], 'lunch_vegetable_curry': ['1 cup'], 'lunch_leafy_vegetables': ['1/2 cup'], 'lunch_meat_select': ['Meat'], 'lunch_meat_tofu': ['4-6 pcs or tofu or paneer'], 'lunch_fish': ['0'], 'afternoon_snack_time': ['4.00 pm'], 'afternoon_snack_sandwich': ['0'], 'afternoon_snack_bread_roll': ['0'], 'afternoon_snack_beaten_rice': ['1/2 CUP + 1/2 cup dahi'], 'afternoon_snack_roasted_corn': ['1 cup rice puffs or popcorn'], 'afternoon_snack_pulses': ['0'], 'afternoon_snack_raw_vegetables': ['1/2 CUP'], 'dinner_time': ['7.00 pm'], 'dinner_rice_dhindo_select': ['Rice'], 'dinner_rice_dhindo': ['3-4 tsp'], 'dinner_dry_bread': ['0'], 'dinner_lentils': ['1/4 cup'], 'dinner_vegetables': ['1 CUP + 1 cup milk'], 'carbohydrates_calories': ['1'], 'carbohydrates_grams': ['1'], 'proteins_calories': ['1'], 'proteins_grams': ['1'], 'fat_calories': ['1'], 'fat_grams': ['1'], 'total_calories': ['1200'], 'activity_level': ['2'], 'remarks': ['2 glasses luke warm water + almond - 6 pcs + 1/2 banana + 3 ltrs water/ day']}>
Not Found: /favicon.ico
Not Found: /static/plugins/datatables-select/css/dataTables.dataTables.css
Not Found: /static/plugins/datatables-select/css/dataTables.dataTables.css
Not Found: /static/plugins/datatables-select/css/dataTables.dataTables.css
Not Found: /static/plugins/datatables-select/css/dataTables.dataTables.css
Not Found: /static/plugins/datatables-select/css/dataTables.dataTables.css
Not Found: /static/plugins/datatables-select/css/dataTables.dataTables.css
Not Found: /static/plugins/datatables-select/css/dataTables.dataTables.css
Not Found: /static/plugins/datatables-select/css/dataTables.dataTables.css
Not Found: /static/plugins/datatables-select/css/dataTables.dataTables.css
Not Found: /login/favicon.ico
Not Found: /login/favicon.ico
Not Found: /static/plugins/datatables-select/css/dataTables.dataTables.css
Not Found: /favicon.ico
Not Found: /favicon.ico
/home/sellynep/virtualenv/SystemVidhyasDiet/3.9/lib/python3.9/site-packages/django/db/models/fields/__init__.py:1595: RuntimeWarning: DateTimeField Inquiry.created_date received a naive datetime (2024-11-08 00:00:00) while time zone support is active.
  warnings.warn(
Internal Server Error: /add_inquiry/
Traceback (most recent call last):
  File "/home/sellynep/virtualenv/SystemVidhyasDiet/3.9/lib/python3.9/site-packages/django/db/backends/utils.py", line 89, in _execute
    return self.cursor.execute(sql, params)
  File "/home/sellynep/virtualenv/SystemVidhyasDiet/3.9/lib/python3.9/site-packages/django/db/backends/sqlite3/base.py", line 328, in execute
    return super().execute(query, params)
sqlite3.IntegrityError: NOT NULL constraint failed: inquiry_inquiry.customer_health_state

The above exception was the direct cause of the following exception:

Traceback (most recent call last):
  File "/home/sellynep/virtualenv/SystemVidhyasDiet/3.9/lib/python3.9/site-packages/django/core/handlers/exception.py", line 55, in inner
    response = get_response(request)
  File "/home/sellynep/virtualenv/SystemVidhyasDiet/3.9/lib/python3.9/site-packages/django/core/handlers/base.py", line 197, in _get_response
    response = wrapped_callback(request, *callback_args, **callback_kwargs)
  File "/home/sellynep/SystemVidhyasDiet/inquiry/views.py", line 112, in add_inquiry
    inquiry.save()
  File "/home/sellynep/virtualenv/SystemVidhyasDiet/3.9/lib/python3.9/site-packages/django/db/models/base.py", line 814, in save
    self.save_base(
  File "/home/sellynep/virtualenv/SystemVidhyasDiet/3.9/lib/python3.9/site-packages/django/db/models/base.py", line 877, in save_base
    updated = self._save_table(
  File "/home/sellynep/virtualenv/SystemVidhyasDiet/3.9/lib/python3.9/site-packages/django/db/models/base.py", line 1020, in _save_table
    results = self._do_insert(
  File "/home/sellynep/virtualenv/SystemVidhyasDiet/3.9/lib/python3.9/site-packages/django/db/models/base.py", line 1061, in _do_insert
    return manager._insert(
  File "/home/sellynep/virtualenv/SystemVidhyasDiet/3.9/lib/python3.9/site-packages/django/db/models/manager.py", line 87, in manager_method
    return getattr(self.get_queryset(), name)(*args, **kwargs)
  File "/home/sellynep/virtualenv/SystemVidhyasDiet/3.9/lib/python3.9/site-packages/django/db/models/query.py", line 1805, in _insert
    return query.get_compiler(using=using).execute_sql(returning_fields)
  File "/home/sellynep/virtualenv/SystemVidhyasDiet/3.9/lib/python3.9/site-packages/django/db/models/sql/compiler.py", line 1822, in execute_sql
    cursor.execute(sql, params)
  File "/home/sellynep/virtualenv/SystemVidhyasDiet/3.9/lib/python3.9/site-packages/django/db/backends/utils.py", line 102, in execute
    return super().execute(sql, params)
  File "/home/sellynep/virtualenv/SystemVidhyasDiet/3.9/lib/python3.9/site-packages/django/db/backends/utils.py", line 67, in execute
    return self._execute_with_wrappers(
  File "/home/sellynep/virtualenv/SystemVidhyasDiet/3.9/lib/python3.9/site-packages/django/db/backends/utils.py", line 80, in _execute_with_wrappers
    return executor(sql, params, many, context)
  File "/home/sellynep/virtualenv/SystemVidhyasDiet/3.9/lib/python3.9/site-packages/django/db/backends/utils.py", line 89, in _execute
    return self.cursor.execute(sql, params)
  File "/home/sellynep/virtualenv/SystemVidhyasDiet/3.9/lib/python3.9/site-packages/django/db/utils.py", line 91, in __exit__
    raise dj_exc_value.with_traceback(traceback) from exc_value
  File "/home/sellynep/virtualenv/SystemVidhyasDiet/3.9/lib/python3.9/site-packages/django/db/backends/utils.py", line 89, in _execute
    return self.cursor.execute(sql, params)
  File "/home/sellynep/virtualenv/SystemVidhyasDiet/3.9/lib/python3.9/site-packages/django/db/backends/sqlite3/base.py", line 328, in execute
    return super().execute(query, params)
django.db.utils.IntegrityError: NOT NULL constraint failed: inquiry_inquiry.customer_health_state
BIJAYA SHRESTHA
9804112835
None
2024-11-08
[]
Not Found: /login/favicon.ico
Not Found: /login/favicon.ico
Not Found: /favicon.ico
Not Found: /static/plugins/datatables-select/css/dataTables.dataTables.css
Not Found: /static/plugins/datatables-select/css/dataTables.dataTables.css
Not Found: /static/plugins/datatables-select/css/dataTables.dataTables.css
Not Found: /static/plugins/datatables-select/css/dataTables.dataTables.css
Not Found: /favicon.ico
Not Found: /favicon.ico
Not Found: /static/plugins/datatables-select/css/dataTables.dataTables.css
Not Found: /static/plugins/datatables-select/css/dataTables.dataTables.css
Not Found: /static/plugins/datatables-select/css/dataTables.dataTables.css
Not Found: /static/plugins/datatables-select/css/dataTables.dataTables.css
Not Found: /static/plugins/datatables-select/css/dataTables.dataTables.css
Not Found: /favicon.ico
Not Found: /static/plugins/datatables-select/css/dataTables.dataTables.css
Not Found: /static/plugins/datatables-select/css/dataTables.dataTables.css
Not Found: /static/plugins/datatables-select/css/dataTables.dataTables.css
Not Found: /static/plugins/datatables-select/css/dataTables.dataTables.css
Not Found: /static/plugins/datatables-select/css/dataTables.dataTables.css
Not Found: /static/plugins/datatables-select/css/dataTables.dataTables.css
Not Found: /static/plugins/datatables-select/css/dataTables.dataTables.css
/usr/local/lsws/fcgi-bin/lswsgi_wrapper: line 18: /opt/alt/python39/bin/lswsgi: No such file or directory
/usr/local/lsws/fcgi-bin/lswsgi_wrapper: line 18: /opt/alt/python39/bin/lswsgi: No such file or directory
/usr/local/lsws/fcgi-bin/lswsgi_wrapper: line 18: /opt/alt/python39/bin/lswsgi: No such file or directory
/usr/local/lsws/fcgi-bin/lswsgi_wrapper: line 18: /opt/alt/python39/bin/lswsgi: No such file or directory
/usr/local/lsws/fcgi-bin/lswsgi_wrapper: line 18: /opt/alt/python39/bin/lswsgi: No such file or directory
/usr/local/lsws/fcgi-bin/lswsgi_wrapper: line 18: /opt/alt/python39/bin/lswsgi: No such file or directory
/usr/local/lsws/fcgi-bin/lswsgi_wrapper: line 18: /opt/alt/python39/bin/lswsgi: No such file or directory
/usr/local/lsws/fcgi-bin/lswsgi_wrapper: line 18: /opt/alt/python39/bin/lswsgi: No such file or directory
/usr/local/lsws/fcgi-bin/lswsgi_wrapper: line 18: /opt/alt/python39/bin/lswsgi: No such file or directory
/usr/local/lsws/fcgi-bin/lswsgi_wrapper: line 18: /opt/alt/python39/bin/lswsgi: No such file or directory
/usr/local/lsws/fcgi-bin/lswsgi_wrapper: line 18: /opt/alt/python39/bin/lswsgi: No such file or directory
/usr/local/lsws/fcgi-bin/lswsgi_wrapper: line 18: /opt/alt/python39/bin/lswsgi: No such file or directory
/usr/local/lsws/fcgi-bin/lswsgi_wrapper: line 18: /opt/alt/python39/bin/lswsgi: No such file or directory
/usr/local/lsws/fcgi-bin/lswsgi_wrapper: line 18: /opt/alt/python39/bin/lswsgi: No such file or directory
/usr/local/lsws/fcgi-bin/lswsgi_wrapper: line 18: /opt/alt/python39/bin/lswsgi: No such file or directory
/usr/local/lsws/fcgi-bin/lswsgi_wrapper: line 18: /opt/alt/python39/bin/lswsgi: No such file or directory
/usr/local/lsws/fcgi-bin/lswsgi_wrapper: line 18: /opt/alt/python39/bin/lswsgi: No such file or directory
/usr/local/lsws/fcgi-bin/lswsgi_wrapper: line 18: /opt/alt/python39/bin/lswsgi: No such file or directory
/usr/local/lsws/fcgi-bin/lswsgi_wrapper: line 18: /opt/alt/python39/bin/lswsgi: No such file or directory
/usr/local/lsws/fcgi-bin/lswsgi_wrapper: line 18: /opt/alt/python39/bin/lswsgi: No such file or directory
/usr/local/lsws/fcgi-bin/lswsgi_wrapper: line 18: /opt/alt/python39/bin/lswsgi: No such file or directory
/usr/local/lsws/fcgi-bin/lswsgi_wrapper: line 18: /opt/alt/python39/bin/lswsgi: No such file or directory
/usr/local/lsws/fcgi-bin/lswsgi_wrapper: line 18: /opt/alt/python39/bin/lswsgi: No such file or directory
/usr/local/lsws/fcgi-bin/lswsgi_wrapper: line 18: /opt/alt/python39/bin/lswsgi: No such file or directory
/usr/local/lsws/fcgi-bin/lswsgi_wrapper: line 18: /opt/alt/python39/bin/lswsgi: No such file or directory
/usr/local/lsws/fcgi-bin/lswsgi_wrapper: line 18: /opt/alt/python39/bin/lswsgi: No such file or directory
/usr/local/lsws/fcgi-bin/lswsgi_wrapper: line 18: /opt/alt/python39/bin/lswsgi: No such file or directory
/usr/local/lsws/fcgi-bin/lswsgi_wrapper: line 18: /opt/alt/python39/bin/lswsgi: No such file or directory
/usr/local/lsws/fcgi-bin/lswsgi_wrapper: line 18: /opt/alt/python39/bin/lswsgi: No such file or directory
/usr/local/lsws/fcgi-bin/lswsgi_wrapper: line 18: /opt/alt/python39/bin/lswsgi: No such file or directory
